<?xml version="1.0" encoding="UTF-8"?>
<!-- Generated by org.testng.reporters.JUnitReportReporter -->
<testsuite skipped="0" hostname="IQMAQ" name="API.darkSkyAPITest" tests="2" failures="0" timestamp="11 Nov 2018 14:29:12 GMT" time="6.954" errors="0">
  <testcase name="validateTypeOfValuesOfKey" time="1.799" classname="API.darkSkyAPITest"/>
  <testcase name="validateCorrectNumberOfItems" time="5.155" classname="API.darkSkyAPITest"/>
</testsuite> <!-- API.darkSkyAPITest -->
