<?xml version="1.0" encoding="UTF-8"?>
<!-- Generated by org.testng.reporters.JUnitReportReporter -->
<testsuite hostname="IQMAQ" name="API.darkSkyAPITest" tests="2" failures="0" timestamp="11 Nov 2018 14:27:38 GMT" time="7.613" errors="0">
  <testcase name="validateCorrectNumberOfItems" time="5.644" classname="API.darkSkyAPITest"/>
  <testcase name="validateTypeOfValuesOfKey" time="1.969" classname="API.darkSkyAPITest"/>
</testsuite> <!-- API.darkSkyAPITest -->
