<?xml version="1.0" encoding="UTF-8"?>
<!-- Generated by org.testng.reporters.JUnitReportReporter -->
<testsuite skipped="0" hostname="mudassars-MBP.Dlink" name="testClasses.testWebShop" tests="4" failures="0" timestamp="04 Oct 2019 20:50:12 GMT" time="34.610" errors="0">
  <testcase name="testOpenHomePage" time="6.439" classname="testClasses.testWebShop"/>
  <testcase name="testRegisterNewUser" time="10.431" classname="testClasses.testWebShop"/>
  <testcase name="testLoginWithExistingUser" time="2.379" classname="testClasses.testWebShop"/>
  <testcase name="testBuyOneProduct" time="15.361" classname="testClasses.testWebShop"/>
</testsuite> <!-- testClasses.testWebShop -->
