<?xml version="1.0" encoding="UTF-8"?>
<!-- Generated by org.testng.reporters.JUnitReportReporter -->
<testsuite skipped="0" hostname="mudassars-MBP.Dlink" name="test.LoginTest" tests="1" failures="0" timestamp="16 Jun 2019 16:19:28 GMT" time="12.334" errors="0">
  <testcase name="testLogin" time="12.334" classname="test.LoginTest"/>
</testsuite> <!-- test.LoginTest -->
