<?xml version="1.0" encoding="UTF-8"?>
<!-- Generated by org.testng.reporters.JUnitReportReporter -->
<testsuite skipped="0" hostname="IQMAQ" name="runners.scenarioRunner" tests="1" failures="0" timestamp="10 Nov 2018 16:28:17 GMT" time="41.408" errors="0">
  <testcase name="feature" time="41.408" classname="runners.scenarioRunner"/>
</testsuite> <!-- runners.scenarioRunner -->
