<?xml version="1.0" encoding="UTF-8"?>
<!-- Generated by org.testng.reporters.JUnitReportReporter -->
<testsuite skipped="0" hostname="IQMAQ" name="BrowserAuto.testFirefox" tests="1" failures="0" timestamp="08 Nov 2018 17:38:08 GMT" time="31.742" errors="0">
  <testcase name="testUrl" time="31.742" classname="BrowserAuto.testFirefox"/>
</testsuite> <!-- BrowserAuto.testFirefox -->
