<?xml version="1.0" encoding="UTF-8"?>
<!-- Generated by org.testng.reporters.JUnitReportReporter -->
<testsuite hostname="HVDIVD00CAS0694" name="testsAPI.CAWOFlow" tests="3" failures="0" timestamp="1 Mar 2019 19:05:25 GMT" time="105.732" errors="0">
  <testcase name="create" time="95.472" classname="testsAPI.CAWOFlow"/>
  <testcase name="calender" time="8.496" classname="testsAPI.CAWOFlow"/>
  <testcase name="reserve" time="1.764" classname="testsAPI.CAWOFlow"/>
</testsuite> <!-- testsAPI.CAWOFlow -->
