<?xml version="1.0" encoding="UTF-8"?>
<!-- Generated by org.testng.reporters.JUnitReportReporter -->
<testsuite hostname="HVDIVD00CAS0694" name="testsAPI.TestRandom" tests="1" failures="0" timestamp="27 Feb 2019 11:19:42 GMT" time="6.930" errors="0">
  <testcase name="test" time="6.930" classname="testsAPI.TestRandom"/>
</testsuite> <!-- testsAPI.TestRandom -->
