<?xml version="1.0" encoding="UTF-8"?>
<!-- Generated by org.testng.reporters.JUnitReportReporter -->
<testsuite skipped="0" hostname="HVDIVD00CAS0694" name="tests.dispatchMainPageTest" tests="2" failures="0" timestamp="13 Feb 2019 14:00:08 GMT" time="32.938" errors="0">
  <testcase name="loginToDispatchGUITest" time="24.816" classname="tests.dispatchMainPageTest"/>
  <testcase name="searchWRIDTest" time="8.122" classname="tests.dispatchMainPageTest"/>
</testsuite> <!-- tests.dispatchMainPageTest -->
