<?xml version="1.0" encoding="UTF-8"?>
<!-- Generated by org.testng.reporters.JUnitReportReporter -->
<testsuite skipped="0" hostname="HVDIVD00CAS0694" name="tests.dispatchWRIDTest" tests="3" failures="0" timestamp="27 Feb 2019 08:21:16 GMT" time="35.939" errors="0">
  <testcase name="loginToDispatchGUITest" time="21.361" classname="tests.dispatchWRIDTest"/>
  <testcase name="searchWRIDTest" time="6.445" classname="tests.dispatchWRIDTest"/>
  <testcase name="testWRIDTextDispay" time="8.133" classname="tests.dispatchWRIDTest"/>
</testsuite> <!-- tests.dispatchWRIDTest -->
