<?xml version="1.0" encoding="UTF-8"?>
<!-- Generated by org.testng.reporters.JUnitReportReporter -->
<testsuite skipped="0" hostname="mudassars-MBP" name="runners.scenarioRunner" tests="3" failures="0" timestamp="14 Sep 2019 20:41:15 GMT" time="102.758" errors="0">
  <testcase name="feature" time="3.859" classname="runners.scenarioRunner"/>
  <testcase name="feature" time="60.759" classname="runners.scenarioRunner"/>
  <testcase name="feature" time="38.140" classname="runners.scenarioRunner"/>
</testsuite> <!-- runners.scenarioRunner -->
