<?xml version="1.0" encoding="UTF-8"?>
<!-- Generated by org.testng.reporters.JUnitReportReporter -->
<testsuite hostname="IQMAQ" name="BrowserAuto.testFirefox" tests="1" failures="0" timestamp="9 Nov 2018 10:27:39 GMT" time="43.544" errors="0">
  <testcase name="testUrl" time="43.544" classname="BrowserAuto.testFirefox"/>
</testsuite> <!-- BrowserAuto.testFirefox -->
