<?xml version="1.0" encoding="UTF-8"?>
<!-- Generated by org.testng.reporters.JUnitReportReporter -->
<testsuite hostname="IQMAQ" name="runners.scenarioRunner" tests="1" failures="0" timestamp="9 Nov 2018 22:43:43 GMT" time="40.039" errors="0">
  <testcase name="feature" time="40.039" classname="runners.scenarioRunner"/>
</testsuite> <!-- runners.scenarioRunner -->
