<?xml version="1.0" encoding="UTF-8"?>
<!-- Generated by org.testng.reporters.JUnitReportReporter -->
<testsuite hostname="mudassars-MBP.Dlink" name="runners.scenarioRunner" tests="1" failures="0" timestamp="10 Sep 2018 02:59:21 GMT" time="101.989" errors="0">
  <testcase name="feature" time="101.989" classname="runners.scenarioRunner"/>
</testsuite> <!-- runners.scenarioRunner -->
