<?xml version="1.0" encoding="UTF-8"?>
<!-- Generated by org.testng.reporters.JUnitReportReporter -->
<testsuite skipped="0" hostname="mudassars-MBP.Dlink" name="testClasses.testWebShop" tests="4" failures="0" timestamp="04 Oct 2019 20:39:48 GMT" time="32.466" errors="0">
  <testcase name="testOpenHomePage" time="5.808" classname="testClasses.testWebShop"/>
  <testcase name="testRegisterNewUser" time="10.167" classname="testClasses.testWebShop"/>
  <testcase name="testLoginWithExistingUser" time="2.140" classname="testClasses.testWebShop"/>
  <testcase name="testBuyOneProduct" time="14.351" classname="testClasses.testWebShop"/>
</testsuite> <!-- testClasses.testWebShop -->
