<?xml version="1.0" encoding="UTF-8"?>
<testsuite xmlns:xsi="http://www.w3.org/2001/XMLSchema-instance" xsi:noNamespaceSchemaLocation="https://maven.apache.org/surefire/maven-surefire-plugin/xsd/surefire-test-report-3.0.xsd" version="3.0" name="TestSuite" time="104.255" tests="3" errors="0" skipped="0" failures="0">
  <properties>
    <property name="gopherProxySet" value="false"/>
    <property name="awt.toolkit" value="sun.lwawt.macosx.LWCToolkit"/>
    <property name="file.encoding.pkg" value="sun.io"/>
    <property name="java.specification.version" value="1.8"/>
    <property name="sun.cpu.isalist" value=""/>
    <property name="sun.jnu.encoding" value="UTF-8"/>
    <property name="java.class.path" value="/Workspace/IntegratedTest/target/test-classes:/Workspace/IntegratedTest/target/classes:/Users/mudassariqbal/.m2/repository/io/appium/java-client/7.0.0/java-client-7.0.0.jar:/Users/mudassariqbal/.m2/repository/org/seleniumhq/selenium/selenium-java/3.141.59/selenium-java-3.141.59.jar:/Users/mudassariqbal/.m2/repository/org/seleniumhq/selenium/selenium-support/3.141.59/selenium-support-3.141.59.jar:/Users/mudassariqbal/.m2/repository/org/seleniumhq/selenium/selenium-api/3.141.59/selenium-api-3.141.59.jar:/Users/mudassariqbal/.m2/repository/com/google/code/gson/gson/2.8.5/gson-2.8.5.jar:/Users/mudassariqbal/.m2/repository/org/apache/httpcomponents/httpclient/4.5.6/httpclient-4.5.6.jar:/Users/mudassariqbal/.m2/repository/org/apache/httpcomponents/httpcore/4.4.10/httpcore-4.4.10.jar:/Users/mudassariqbal/.m2/repository/commons-logging/commons-logging/1.2/commons-logging-1.2.jar:/Users/mudassariqbal/.m2/repository/commons-codec/commons-codec/1.10/commons-codec-1.10.jar:/Users/mudassariqbal/.m2/repository/cglib/cglib/3.2.8/cglib-3.2.8.jar:/Users/mudassariqbal/.m2/repository/org/ow2/asm/asm/6.2.1/asm-6.2.1.jar:/Users/mudassariqbal/.m2/repository/org/apache/ant/ant/1.10.3/ant-1.10.3.jar:/Users/mudassariqbal/.m2/repository/org/apache/ant/ant-launcher/1.10.3/ant-launcher-1.10.3.jar:/Users/mudassariqbal/.m2/repository/commons-validator/commons-validator/1.6/commons-validator-1.6.jar:/Users/mudassariqbal/.m2/repository/commons-beanutils/commons-beanutils/1.9.2/commons-beanutils-1.9.2.jar:/Users/mudassariqbal/.m2/repository/commons-digester/commons-digester/1.8.1/commons-digester-1.8.1.jar:/Users/mudassariqbal/.m2/repository/commons-collections/commons-collections/3.2.2/commons-collections-3.2.2.jar:/Users/mudassariqbal/.m2/repository/org/apache/commons/commons-lang3/3.8/commons-lang3-3.8.jar:/Users/mudassariqbal/.m2/repository/commons-io/commons-io/2.6/commons-io-2.6.jar:/Users/mudassariqbal/.m2/repository/org/springframework/spring-context/5.1.0.RELEASE/spring-context-5.1.0.RELEASE.jar:/Users/mudassariqbal/.m2/repository/org/springframework/spring-aop/5.1.0.RELEASE/spring-aop-5.1.0.RELEASE.jar:/Users/mudassariqbal/.m2/repository/org/springframework/spring-beans/5.1.0.RELEASE/spring-beans-5.1.0.RELEASE.jar:/Users/mudassariqbal/.m2/repository/org/springframework/spring-core/5.1.0.RELEASE/spring-core-5.1.0.RELEASE.jar:/Users/mudassariqbal/.m2/repository/org/springframework/spring-jcl/5.1.0.RELEASE/spring-jcl-5.1.0.RELEASE.jar:/Users/mudassariqbal/.m2/repository/org/springframework/spring-expression/5.1.0.RELEASE/spring-expression-5.1.0.RELEASE.jar:/Users/mudassariqbal/.m2/repository/org/aspectj/aspectjweaver/1.9.1/aspectjweaver-1.9.1.jar:/Users/mudassariqbal/.m2/repository/org/slf4j/slf4j-api/1.7.25/slf4j-api-1.7.25.jar:/Users/mudassariqbal/.m2/repository/org/testng/testng/6.14.3/testng-6.14.3.jar:/Users/mudassariqbal/.m2/repository/com/beust/jcommander/1.72/jcommander-1.72.jar:/Users/mudassariqbal/.m2/repository/org/apache-extras/beanshell/bsh/2.0b6/bsh-2.0b6.jar:/Users/mudassariqbal/.m2/repository/org/seleniumhq/selenium/selenium-server/3.141.0/selenium-server-3.141.0.jar:/Users/mudassariqbal/.m2/repository/org/seleniumhq/selenium/selenium-chrome-driver/3.141.0/selenium-chrome-driver-3.141.0.jar:/Users/mudassariqbal/.m2/repository/org/seleniumhq/selenium/selenium-edge-driver/3.141.0/selenium-edge-driver-3.141.0.jar:/Users/mudassariqbal/.m2/repository/org/seleniumhq/selenium/selenium-firefox-driver/3.141.0/selenium-firefox-driver-3.141.0.jar:/Users/mudassariqbal/.m2/repository/org/seleniumhq/selenium/selenium-ie-driver/3.141.0/selenium-ie-driver-3.141.0.jar:/Users/mudassariqbal/.m2/repository/org/seleniumhq/selenium/selenium-opera-driver/3.141.0/selenium-opera-driver-3.141.0.jar:/Users/mudassariqbal/.m2/repository/org/seleniumhq/selenium/selenium-remote-driver/3.141.0/selenium-remote-driver-3.141.0.jar:/Users/mudassariqbal/.m2/repository/org/seleniumhq/selenium/selenium-safari-driver/3.141.0/selenium-safari-driver-3.141.0.jar:/Users/mudassariqbal/.m2/repository/net/bytebuddy/byte-buddy/1.8.15/byte-buddy-1.8.15.jar:/Users/mudassariqbal/.m2/repository/org/apache/commons/commons-exec/1.3/commons-exec-1.3.jar:/Users/mudassariqbal/.m2/repository/com/google/guava/guava/25.0-jre/guava-25.0-jre.jar:/Users/mudassariqbal/.m2/repository/org/checkerframework/checker-compat-qual/2.0.0/checker-compat-qual-2.0.0.jar:/Users/mudassariqbal/.m2/repository/com/google/errorprone/error_prone_annotations/2.1.3/error_prone_annotations-2.1.3.jar:/Users/mudassariqbal/.m2/repository/com/google/j2objc/j2objc-annotations/1.1/j2objc-annotations-1.1.jar:/Users/mudassariqbal/.m2/repository/org/codehaus/mojo/animal-sniffer-annotations/1.14/animal-sniffer-annotations-1.14.jar:/Users/mudassariqbal/.m2/repository/net/jcip/jcip-annotations/1.0/jcip-annotations-1.0.jar:/Users/mudassariqbal/.m2/repository/org/seleniumhq/selenium/jetty-repacked/9.4.12.v20180830/jetty-repacked-9.4.12.v20180830.jar:/Users/mudassariqbal/.m2/repository/com/squareup/okhttp3/okhttp/3.11.0/okhttp-3.11.0.jar:/Users/mudassariqbal/.m2/repository/com/squareup/okio/okio/1.14.0/okio-1.14.0.jar:/Users/mudassariqbal/.m2/repository/javax/servlet/javax.servlet-api/3.1.0/javax.servlet-api-3.1.0.jar:/Users/mudassariqbal/.m2/repository/org/yaml/snakeyaml/1.19/snakeyaml-1.19.jar:/Users/mudassariqbal/.m2/repository/io/github/bonigarcia/webdrivermanager/3.6.2/webdrivermanager-3.6.2.jar:/Users/mudassariqbal/.m2/repository/org/rauschig/jarchivelib/1.0.0/jarchivelib-1.0.0.jar:/Users/mudassariqbal/.m2/repository/org/apache/commons/commons-compress/1.18/commons-compress-1.18.jar:/Users/mudassariqbal/.m2/repository/org/jsoup/jsoup/1.11.3/jsoup-1.11.3.jar:/Users/mudassariqbal/.m2/repository/info/cukes/cucumber-java/1.2.5/cucumber-java-1.2.5.jar:/Users/mudassariqbal/.m2/repository/info/cukes/cucumber-core/1.2.5/cucumber-core-1.2.5.jar:/Users/mudassariqbal/.m2/repository/info/cukes/cucumber-html/0.2.3/cucumber-html-0.2.3.jar:/Users/mudassariqbal/.m2/repository/log4j/log4j/1.2.17/log4j-1.2.17.jar:/Users/mudassariqbal/.m2/repository/com/vimalselvam/cucumber-extentsreport/1.1.0/cucumber-extentsreport-1.1.0.jar:/Users/mudassariqbal/.m2/repository/com/relevantcodes/extentreports/2.41.0/extentreports-2.41.0.jar:/Users/mudassariqbal/.m2/repository/org/xerial/sqlite-jdbc/3.8.11.1/sqlite-jdbc-3.8.11.1.jar:/Users/mudassariqbal/.m2/repository/org/freemarker/freemarker/2.3.23/freemarker-2.3.23.jar:/Users/mudassariqbal/.m2/repository/org/mongodb/mongodb-driver/3.0.4/mongodb-driver-3.0.4.jar:/Users/mudassariqbal/.m2/repository/org/mongodb/bson/3.0.4/bson-3.0.4.jar:/Users/mudassariqbal/.m2/repository/org/mongodb/mongodb-driver-core/3.0.4/mongodb-driver-core-3.0.4.jar:/Users/mudassariqbal/.m2/repository/org/apache/directory/studio/org.apache.commons.codec/1.8/org.apache.commons.codec-1.8.jar:/Users/mudassariqbal/.m2/repository/info/cukes/cucumber-testng/1.2.5/cucumber-testng-1.2.5.jar:/Users/mudassariqbal/.m2/repository/info/cukes/cucumber-picocontainer/1.2.5/cucumber-picocontainer-1.2.5.jar:/Users/mudassariqbal/.m2/repository/info/cukes/cucumber-jvm-deps/1.0.5/cucumber-jvm-deps-1.0.5.jar:/Users/mudassariqbal/.m2/repository/info/cukes/gherkin/2.12.2/gherkin-2.12.2.jar:/Users/mudassariqbal/.m2/repository/org/picocontainer/picocontainer/2.15/picocontainer-2.15.jar:/Users/mudassariqbal/.m2/repository/com/github/stephenc/monte/monte-screen-recorder/0.7.7.0/monte-screen-recorder-0.7.7.0.jar:/Users/mudassariqbal/.m2/repository/io/rest-assured/rest-assured/3.0.2/rest-assured-3.0.2.jar:/Users/mudassariqbal/.m2/repository/org/codehaus/groovy/groovy/2.4.6/groovy-2.4.6.jar:/Users/mudassariqbal/.m2/repository/org/codehaus/groovy/groovy-xml/2.4.6/groovy-xml-2.4.6.jar:/Users/mudassariqbal/.m2/repository/org/apache/httpcomponents/httpmime/4.5.1/httpmime-4.5.1.jar:/Users/mudassariqbal/.m2/repository/org/hamcrest/hamcrest-core/1.3/hamcrest-core-1.3.jar:/Users/mudassariqbal/.m2/repository/org/hamcrest/hamcrest-library/1.3/hamcrest-library-1.3.jar:/Users/mudassariqbal/.m2/repository/org/ccil/cowan/tagsoup/tagsoup/1.2.1/tagsoup-1.2.1.jar:/Users/mudassariqbal/.m2/repository/io/rest-assured/xml-path/3.0.2/xml-path-3.0.2.jar:/Users/mudassariqbal/.m2/repository/com/googlecode/json-simple/json-simple/1.1.1/json-simple-1.1.1.jar:/Users/mudassariqbal/.m2/repository/junit/junit/4.10/junit-4.10.jar:/Users/mudassariqbal/.m2/repository/io/rest-assured/json-path/3.1.1/json-path-3.1.1.jar:/Users/mudassariqbal/.m2/repository/org/codehaus/groovy/groovy-json/2.4.12/groovy-json-2.4.12.jar:/Users/mudassariqbal/.m2/repository/io/rest-assured/rest-assured-common/3.1.1/rest-assured-common-3.1.1.jar:/Users/mudassariqbal/.m2/repository/com/github/fge/json-schema-validator/2.2.6/json-schema-validator-2.2.6.jar:/Users/mudassariqbal/.m2/repository/com/google/code/findbugs/jsr305/3.0.0/jsr305-3.0.0.jar:/Users/mudassariqbal/.m2/repository/joda-time/joda-time/2.3/joda-time-2.3.jar:/Users/mudassariqbal/.m2/repository/com/googlecode/libphonenumber/libphonenumber/6.2/libphonenumber-6.2.jar:/Users/mudassariqbal/.m2/repository/javax/mail/mailapi/1.4.3/mailapi-1.4.3.jar:/Users/mudassariqbal/.m2/repository/javax/activation/activation/1.1/activation-1.1.jar:/Users/mudassariqbal/.m2/repository/net/sf/jopt-simple/jopt-simple/4.6/jopt-simple-4.6.jar:/Users/mudassariqbal/.m2/repository/io/rest-assured/json-schema-validator/3.0.0/json-schema-validator-3.0.0.jar:/Users/mudassariqbal/.m2/repository/com/github/fge/json-schema-core/1.2.5/json-schema-core-1.2.5.jar:/Users/mudassariqbal/.m2/repository/com/github/fge/uri-template/0.9/uri-template-0.9.jar:/Users/mudassariqbal/.m2/repository/com/github/fge/msg-simple/1.1/msg-simple-1.1.jar:/Users/mudassariqbal/.m2/repository/com/github/fge/btf/1.2/btf-1.2.jar:/Users/mudassariqbal/.m2/repository/com/github/fge/jackson-coreutils/1.8/jackson-coreutils-1.8.jar:/Users/mudassariqbal/.m2/repository/com/fasterxml/jackson/core/jackson-databind/2.2.3/jackson-databind-2.2.3.jar:/Users/mudassariqbal/.m2/repository/com/fasterxml/jackson/core/jackson-annotations/2.2.3/jackson-annotations-2.2.3.jar:/Users/mudassariqbal/.m2/repository/com/fasterxml/jackson/core/jackson-core/2.2.3/jackson-core-2.2.3.jar:/Users/mudassariqbal/.m2/repository/org/mozilla/rhino/1.7R4/rhino-1.7R4.jar:"/>
    <property name="java.vm.vendor" value="Oracle Corporation"/>
    <property name="sun.arch.data.model" value="64"/>
    <property name="java.vendor.url" value="http://java.oracle.com/"/>
    <property name="user.timezone" value=""/>
    <property name="java.vm.specification.version" value="1.8"/>
    <property name="os.name" value="Mac OS X"/>
    <property name="user.country" value="IN"/>
    <property name="sun.java.launcher" value="SUN_STANDARD"/>
    <property name="sun.boot.library.path" value="/Library/Java/JavaVirtualMachines/jdk1.8.0_181.jdk/Contents/Home/jre/lib"/>
    <property name="sun.java.command" value="/Workspace/IntegratedTest/target/surefire/surefirebooter3750185761587624247.jar /Workspace/IntegratedTest/target/surefire 2019-09-15T00-39-30_109-jvmRun1 surefire5562005588376936818tmp surefire_06144370986896211911tmp"/>
    <property name="http.nonProxyHosts" value="local|*.local|169.254/16|*.169.254/16"/>
    <property name="surefire.test.class.path" value="/Workspace/IntegratedTest/target/test-classes:/Workspace/IntegratedTest/target/classes:/Users/mudassariqbal/.m2/repository/io/appium/java-client/7.0.0/java-client-7.0.0.jar:/Users/mudassariqbal/.m2/repository/org/seleniumhq/selenium/selenium-java/3.141.59/selenium-java-3.141.59.jar:/Users/mudassariqbal/.m2/repository/org/seleniumhq/selenium/selenium-support/3.141.59/selenium-support-3.141.59.jar:/Users/mudassariqbal/.m2/repository/org/seleniumhq/selenium/selenium-api/3.141.59/selenium-api-3.141.59.jar:/Users/mudassariqbal/.m2/repository/com/google/code/gson/gson/2.8.5/gson-2.8.5.jar:/Users/mudassariqbal/.m2/repository/org/apache/httpcomponents/httpclient/4.5.6/httpclient-4.5.6.jar:/Users/mudassariqbal/.m2/repository/org/apache/httpcomponents/httpcore/4.4.10/httpcore-4.4.10.jar:/Users/mudassariqbal/.m2/repository/commons-logging/commons-logging/1.2/commons-logging-1.2.jar:/Users/mudassariqbal/.m2/repository/commons-codec/commons-codec/1.10/commons-codec-1.10.jar:/Users/mudassariqbal/.m2/repository/cglib/cglib/3.2.8/cglib-3.2.8.jar:/Users/mudassariqbal/.m2/repository/org/ow2/asm/asm/6.2.1/asm-6.2.1.jar:/Users/mudassariqbal/.m2/repository/org/apache/ant/ant/1.10.3/ant-1.10.3.jar:/Users/mudassariqbal/.m2/repository/org/apache/ant/ant-launcher/1.10.3/ant-launcher-1.10.3.jar:/Users/mudassariqbal/.m2/repository/commons-validator/commons-validator/1.6/commons-validator-1.6.jar:/Users/mudassariqbal/.m2/repository/commons-beanutils/commons-beanutils/1.9.2/commons-beanutils-1.9.2.jar:/Users/mudassariqbal/.m2/repository/commons-digester/commons-digester/1.8.1/commons-digester-1.8.1.jar:/Users/mudassariqbal/.m2/repository/commons-collections/commons-collections/3.2.2/commons-collections-3.2.2.jar:/Users/mudassariqbal/.m2/repository/org/apache/commons/commons-lang3/3.8/commons-lang3-3.8.jar:/Users/mudassariqbal/.m2/repository/commons-io/commons-io/2.6/commons-io-2.6.jar:/Users/mudassariqbal/.m2/repository/org/springframework/spring-context/5.1.0.RELEASE/spring-context-5.1.0.RELEASE.jar:/Users/mudassariqbal/.m2/repository/org/springframework/spring-aop/5.1.0.RELEASE/spring-aop-5.1.0.RELEASE.jar:/Users/mudassariqbal/.m2/repository/org/springframework/spring-beans/5.1.0.RELEASE/spring-beans-5.1.0.RELEASE.jar:/Users/mudassariqbal/.m2/repository/org/springframework/spring-core/5.1.0.RELEASE/spring-core-5.1.0.RELEASE.jar:/Users/mudassariqbal/.m2/repository/org/springframework/spring-jcl/5.1.0.RELEASE/spring-jcl-5.1.0.RELEASE.jar:/Users/mudassariqbal/.m2/repository/org/springframework/spring-expression/5.1.0.RELEASE/spring-expression-5.1.0.RELEASE.jar:/Users/mudassariqbal/.m2/repository/org/aspectj/aspectjweaver/1.9.1/aspectjweaver-1.9.1.jar:/Users/mudassariqbal/.m2/repository/org/slf4j/slf4j-api/1.7.25/slf4j-api-1.7.25.jar:/Users/mudassariqbal/.m2/repository/org/testng/testng/6.14.3/testng-6.14.3.jar:/Users/mudassariqbal/.m2/repository/com/beust/jcommander/1.72/jcommander-1.72.jar:/Users/mudassariqbal/.m2/repository/org/apache-extras/beanshell/bsh/2.0b6/bsh-2.0b6.jar:/Users/mudassariqbal/.m2/repository/org/seleniumhq/selenium/selenium-server/3.141.0/selenium-server-3.141.0.jar:/Users/mudassariqbal/.m2/repository/org/seleniumhq/selenium/selenium-chrome-driver/3.141.0/selenium-chrome-driver-3.141.0.jar:/Users/mudassariqbal/.m2/repository/org/seleniumhq/selenium/selenium-edge-driver/3.141.0/selenium-edge-driver-3.141.0.jar:/Users/mudassariqbal/.m2/repository/org/seleniumhq/selenium/selenium-firefox-driver/3.141.0/selenium-firefox-driver-3.141.0.jar:/Users/mudassariqbal/.m2/repository/org/seleniumhq/selenium/selenium-ie-driver/3.141.0/selenium-ie-driver-3.141.0.jar:/Users/mudassariqbal/.m2/repository/org/seleniumhq/selenium/selenium-opera-driver/3.141.0/selenium-opera-driver-3.141.0.jar:/Users/mudassariqbal/.m2/repository/org/seleniumhq/selenium/selenium-remote-driver/3.141.0/selenium-remote-driver-3.141.0.jar:/Users/mudassariqbal/.m2/repository/org/seleniumhq/selenium/selenium-safari-driver/3.141.0/selenium-safari-driver-3.141.0.jar:/Users/mudassariqbal/.m2/repository/net/bytebuddy/byte-buddy/1.8.15/byte-buddy-1.8.15.jar:/Users/mudassariqbal/.m2/repository/org/apache/commons/commons-exec/1.3/commons-exec-1.3.jar:/Users/mudassariqbal/.m2/repository/com/google/guava/guava/25.0-jre/guava-25.0-jre.jar:/Users/mudassariqbal/.m2/repository/org/checkerframework/checker-compat-qual/2.0.0/checker-compat-qual-2.0.0.jar:/Users/mudassariqbal/.m2/repository/com/google/errorprone/error_prone_annotations/2.1.3/error_prone_annotations-2.1.3.jar:/Users/mudassariqbal/.m2/repository/com/google/j2objc/j2objc-annotations/1.1/j2objc-annotations-1.1.jar:/Users/mudassariqbal/.m2/repository/org/codehaus/mojo/animal-sniffer-annotations/1.14/animal-sniffer-annotations-1.14.jar:/Users/mudassariqbal/.m2/repository/net/jcip/jcip-annotations/1.0/jcip-annotations-1.0.jar:/Users/mudassariqbal/.m2/repository/org/seleniumhq/selenium/jetty-repacked/9.4.12.v20180830/jetty-repacked-9.4.12.v20180830.jar:/Users/mudassariqbal/.m2/repository/com/squareup/okhttp3/okhttp/3.11.0/okhttp-3.11.0.jar:/Users/mudassariqbal/.m2/repository/com/squareup/okio/okio/1.14.0/okio-1.14.0.jar:/Users/mudassariqbal/.m2/repository/javax/servlet/javax.servlet-api/3.1.0/javax.servlet-api-3.1.0.jar:/Users/mudassariqbal/.m2/repository/org/yaml/snakeyaml/1.19/snakeyaml-1.19.jar:/Users/mudassariqbal/.m2/repository/io/github/bonigarcia/webdrivermanager/3.6.2/webdrivermanager-3.6.2.jar:/Users/mudassariqbal/.m2/repository/org/rauschig/jarchivelib/1.0.0/jarchivelib-1.0.0.jar:/Users/mudassariqbal/.m2/repository/org/apache/commons/commons-compress/1.18/commons-compress-1.18.jar:/Users/mudassariqbal/.m2/repository/org/jsoup/jsoup/1.11.3/jsoup-1.11.3.jar:/Users/mudassariqbal/.m2/repository/info/cukes/cucumber-java/1.2.5/cucumber-java-1.2.5.jar:/Users/mudassariqbal/.m2/repository/info/cukes/cucumber-core/1.2.5/cucumber-core-1.2.5.jar:/Users/mudassariqbal/.m2/repository/info/cukes/cucumber-html/0.2.3/cucumber-html-0.2.3.jar:/Users/mudassariqbal/.m2/repository/log4j/log4j/1.2.17/log4j-1.2.17.jar:/Users/mudassariqbal/.m2/repository/com/vimalselvam/cucumber-extentsreport/1.1.0/cucumber-extentsreport-1.1.0.jar:/Users/mudassariqbal/.m2/repository/com/relevantcodes/extentreports/2.41.0/extentreports-2.41.0.jar:/Users/mudassariqbal/.m2/repository/org/xerial/sqlite-jdbc/3.8.11.1/sqlite-jdbc-3.8.11.1.jar:/Users/mudassariqbal/.m2/repository/org/freemarker/freemarker/2.3.23/freemarker-2.3.23.jar:/Users/mudassariqbal/.m2/repository/org/mongodb/mongodb-driver/3.0.4/mongodb-driver-3.0.4.jar:/Users/mudassariqbal/.m2/repository/org/mongodb/bson/3.0.4/bson-3.0.4.jar:/Users/mudassariqbal/.m2/repository/org/mongodb/mongodb-driver-core/3.0.4/mongodb-driver-core-3.0.4.jar:/Users/mudassariqbal/.m2/repository/org/apache/directory/studio/org.apache.commons.codec/1.8/org.apache.commons.codec-1.8.jar:/Users/mudassariqbal/.m2/repository/info/cukes/cucumber-testng/1.2.5/cucumber-testng-1.2.5.jar:/Users/mudassariqbal/.m2/repository/info/cukes/cucumber-picocontainer/1.2.5/cucumber-picocontainer-1.2.5.jar:/Users/mudassariqbal/.m2/repository/info/cukes/cucumber-jvm-deps/1.0.5/cucumber-jvm-deps-1.0.5.jar:/Users/mudassariqbal/.m2/repository/info/cukes/gherkin/2.12.2/gherkin-2.12.2.jar:/Users/mudassariqbal/.m2/repository/org/picocontainer/picocontainer/2.15/picocontainer-2.15.jar:/Users/mudassariqbal/.m2/repository/com/github/stephenc/monte/monte-screen-recorder/0.7.7.0/monte-screen-recorder-0.7.7.0.jar:/Users/mudassariqbal/.m2/repository/io/rest-assured/rest-assured/3.0.2/rest-assured-3.0.2.jar:/Users/mudassariqbal/.m2/repository/org/codehaus/groovy/groovy/2.4.6/groovy-2.4.6.jar:/Users/mudassariqbal/.m2/repository/org/codehaus/groovy/groovy-xml/2.4.6/groovy-xml-2.4.6.jar:/Users/mudassariqbal/.m2/repository/org/apache/httpcomponents/httpmime/4.5.1/httpmime-4.5.1.jar:/Users/mudassariqbal/.m2/repository/org/hamcrest/hamcrest-core/1.3/hamcrest-core-1.3.jar:/Users/mudassariqbal/.m2/repository/org/hamcrest/hamcrest-library/1.3/hamcrest-library-1.3.jar:/Users/mudassariqbal/.m2/repository/org/ccil/cowan/tagsoup/tagsoup/1.2.1/tagsoup-1.2.1.jar:/Users/mudassariqbal/.m2/repository/io/rest-assured/xml-path/3.0.2/xml-path-3.0.2.jar:/Users/mudassariqbal/.m2/repository/com/googlecode/json-simple/json-simple/1.1.1/json-simple-1.1.1.jar:/Users/mudassariqbal/.m2/repository/junit/junit/4.10/junit-4.10.jar:/Users/mudassariqbal/.m2/repository/io/rest-assured/json-path/3.1.1/json-path-3.1.1.jar:/Users/mudassariqbal/.m2/repository/org/codehaus/groovy/groovy-json/2.4.12/groovy-json-2.4.12.jar:/Users/mudassariqbal/.m2/repository/io/rest-assured/rest-assured-common/3.1.1/rest-assured-common-3.1.1.jar:/Users/mudassariqbal/.m2/repository/com/github/fge/json-schema-validator/2.2.6/json-schema-validator-2.2.6.jar:/Users/mudassariqbal/.m2/repository/com/google/code/findbugs/jsr305/3.0.0/jsr305-3.0.0.jar:/Users/mudassariqbal/.m2/repository/joda-time/joda-time/2.3/joda-time-2.3.jar:/Users/mudassariqbal/.m2/repository/com/googlecode/libphonenumber/libphonenumber/6.2/libphonenumber-6.2.jar:/Users/mudassariqbal/.m2/repository/javax/mail/mailapi/1.4.3/mailapi-1.4.3.jar:/Users/mudassariqbal/.m2/repository/javax/activation/activation/1.1/activation-1.1.jar:/Users/mudassariqbal/.m2/repository/net/sf/jopt-simple/jopt-simple/4.6/jopt-simple-4.6.jar:/Users/mudassariqbal/.m2/repository/io/rest-assured/json-schema-validator/3.0.0/json-schema-validator-3.0.0.jar:/Users/mudassariqbal/.m2/repository/com/github/fge/json-schema-core/1.2.5/json-schema-core-1.2.5.jar:/Users/mudassariqbal/.m2/repository/com/github/fge/uri-template/0.9/uri-template-0.9.jar:/Users/mudassariqbal/.m2/repository/com/github/fge/msg-simple/1.1/msg-simple-1.1.jar:/Users/mudassariqbal/.m2/repository/com/github/fge/btf/1.2/btf-1.2.jar:/Users/mudassariqbal/.m2/repository/com/github/fge/jackson-coreutils/1.8/jackson-coreutils-1.8.jar:/Users/mudassariqbal/.m2/repository/com/fasterxml/jackson/core/jackson-databind/2.2.3/jackson-databind-2.2.3.jar:/Users/mudassariqbal/.m2/repository/com/fasterxml/jackson/core/jackson-annotations/2.2.3/jackson-annotations-2.2.3.jar:/Users/mudassariqbal/.m2/repository/com/fasterxml/jackson/core/jackson-core/2.2.3/jackson-core-2.2.3.jar:/Users/mudassariqbal/.m2/repository/org/mozilla/rhino/1.7R4/rhino-1.7R4.jar:"/>
    <property name="sun.cpu.endian" value="little"/>
    <property name="user.home" value="/Users/mudassariqbal"/>
    <property name="user.language" value="en"/>
    <property name="java.specification.vendor" value="Oracle Corporation"/>
    <property name="java.home" value="/Library/Java/JavaVirtualMachines/jdk1.8.0_181.jdk/Contents/Home/jre"/>
    <property name="basedir" value="/Workspace/IntegratedTest"/>
    <property name="file.separator" value="/"/>
    <property name="line.separator" value="&#10;"/>
    <property name="java.vm.specification.vendor" value="Oracle Corporation"/>
    <property name="java.specification.name" value="Java Platform API Specification"/>
    <property name="java.awt.graphicsenv" value="sun.awt.CGraphicsEnvironment"/>
    <property name="surefire.real.class.path" value="/Workspace/IntegratedTest/target/surefire/surefirebooter3750185761587624247.jar"/>
    <property name="sun.boot.class.path" value="/Library/Java/JavaVirtualMachines/jdk1.8.0_181.jdk/Contents/Home/jre/lib/resources.jar:/Library/Java/JavaVirtualMachines/jdk1.8.0_181.jdk/Contents/Home/jre/lib/rt.jar:/Library/Java/JavaVirtualMachines/jdk1.8.0_181.jdk/Contents/Home/jre/lib/sunrsasign.jar:/Library/Java/JavaVirtualMachines/jdk1.8.0_181.jdk/Contents/Home/jre/lib/jsse.jar:/Library/Java/JavaVirtualMachines/jdk1.8.0_181.jdk/Contents/Home/jre/lib/jce.jar:/Library/Java/JavaVirtualMachines/jdk1.8.0_181.jdk/Contents/Home/jre/lib/charsets.jar:/Library/Java/JavaVirtualMachines/jdk1.8.0_181.jdk/Contents/Home/jre/lib/jfr.jar:/Library/Java/JavaVirtualMachines/jdk1.8.0_181.jdk/Contents/Home/jre/classes"/>
    <property name="sun.management.compiler" value="HotSpot 64-Bit Tiered Compilers"/>
    <property name="ftp.nonProxyHosts" value="local|*.local|169.254/16|*.169.254/16"/>
    <property name="java.runtime.version" value="1.8.0_181-b13"/>
    <property name="user.name" value="mudassariqbal"/>
    <property name="path.separator" value=":"/>
    <property name="os.version" value="10.14.6"/>
    <property name="java.endorsed.dirs" value="/Library/Java/JavaVirtualMachines/jdk1.8.0_181.jdk/Contents/Home/jre/lib/endorsed"/>
    <property name="java.runtime.name" value="Java(TM) SE Runtime Environment"/>
    <property name="file.encoding" value="UTF-8"/>
    <property name="java.vm.name" value="Java HotSpot(TM) 64-Bit Server VM"/>
    <property name="localRepository" value="/Users/mudassariqbal/.m2/repository"/>
    <property name="java.vendor.url.bug" value="http://bugreport.sun.com/bugreport/"/>
    <property name="java.io.tmpdir" value="/var/folders/79/7x24r6zn7w59t9n4m2lpklmw0000gn/T/"/>
    <property name="java.version" value="1.8.0_181"/>
    <property name="user.dir" value="/Workspace/IntegratedTest"/>
    <property name="os.arch" value="x86_64"/>
    <property name="java.vm.specification.name" value="Java Virtual Machine Specification"/>
    <property name="java.awt.printerjob" value="sun.lwawt.macosx.CPrinterJob"/>
    <property name="sun.os.patch.level" value="unknown"/>
    <property name="java.library.path" value="/Users/mudassariqbal/Library/Java/Extensions:/Library/Java/Extensions:/Network/Library/Java/Extensions:/System/Library/Java/Extensions:/usr/lib/java:."/>
    <property name="java.vm.info" value="mixed mode"/>
    <property name="java.vendor" value="Oracle Corporation"/>
    <property name="java.vm.version" value="25.181-b13"/>
    <property name="java.ext.dirs" value="/Users/mudassariqbal/Library/Java/Extensions:/Library/Java/JavaVirtualMachines/jdk1.8.0_181.jdk/Contents/Home/jre/lib/ext:/Library/Java/Extensions:/Network/Library/Java/Extensions:/System/Library/Java/Extensions:/usr/lib/java"/>
    <property name="sun.io.unicode.encoding" value="UnicodeBig"/>
    <property name="java.class.version" value="52.0"/>
    <property name="socksNonProxyHosts" value="local|*.local|169.254/16|*.169.254/16"/>
  </properties>
  <testcase name="feature" classname="runners.scenarioRunner" time="3.86"/>
  <testcase name="feature" classname="runners.scenarioRunner" time="38.15"/>
  <testcase name="feature" classname="runners.scenarioRunner" time="60.75"/>
</testsuite>