<?xml version="1.0" encoding="UTF-8"?>
<!-- Generated by org.testng.reporters.JUnitReportReporter -->
<testsuite skipped="0" hostname="HVDIVD00CAS0694" name="tests.dispatchMainPageTest" tests="1" failures="0" timestamp="06 Feb 2019 12:38:43 GMT" time="24.059" errors="0">
  <testcase name="loginToDispatchGUITest" time="24.059" classname="tests.dispatchMainPageTest"/>
</testsuite> <!-- tests.dispatchMainPageTest -->
