<?xml version="1.0" encoding="UTF-8"?>
<!-- Generated by org.testng.reporters.JUnitReportReporter -->
<testsuite skipped="0" hostname="HVDIVD00CAS0694" name="testsAPI.TestRandom" tests="1" failures="0" timestamp="27 Feb 2019 10:49:53 GMT" time="7.082" errors="0">
  <testcase name="test" time="7.082" classname="testsAPI.TestRandom"/>
</testsuite> <!-- testsAPI.TestRandom -->
