<?xml version="1.0" encoding="UTF-8"?>
<!-- Generated by org.testng.reporters.JUnitReportReporter -->
<testsuite hostname="HVDIVD00CAS0694" name="testsGUI.TestExcel" tests="2" failures="0" timestamp="1 Mar 2019 13:55:21 GMT" time="0.021" errors="0">
  <testcase name="excelReading" time="0.019" classname="testsGUI.TestExcel"/>
  <testcase name="excelReading" time="0.002" classname="testsGUI.TestExcel"/>
</testsuite> <!-- testsGUI.TestExcel -->
