<?xml version="1.0" encoding="UTF-8"?>
<!-- Generated by org.testng.reporters.JUnitReportReporter -->
<testsuite skipped="0" hostname="HVDIVD00CAS0694" name="tests.CAWOFlow" tests="3" failures="0" timestamp="26 Feb 2019 11:42:28 GMT" time="20.722" errors="0">
  <testcase name="calender" time="6.585" classname="tests.CAWOFlow"/>
  <testcase name="reserve" time="1.907" classname="tests.CAWOFlow"/>
  <testcase name="create" time="12.230" classname="tests.CAWOFlow"/>
</testsuite> <!-- tests.CAWOFlow -->
