<?xml version="1.0" encoding="UTF-8"?>
<!-- Generated by org.testng.reporters.JUnitReportReporter -->
<testsuite skipped="0" hostname="HVDIVD00CAS0694" name="tests.TestExcel" tests="2" failures="0" timestamp="26 Feb 2019 11:27:38 GMT" time="0.035" errors="0">
  <testcase name="excelReading" time="0.024" classname="tests.TestExcel"/>
  <testcase name="excelReading" time="0.011" classname="tests.TestExcel"/>
</testsuite> <!-- tests.TestExcel -->
